build/app/outputs/mapping/release/configuration.txt
# The proguard configuration file for the following section is default_proguard_files\global\proguard-android.txt-8.1.0
# This is a configuration file for ProGuard.
# http://proguard.sourceforge.net/index.html#manual/usage.html
#
# Starting with version 2.2 of the Android plugin for Gradle, this file is distributed together with
# the plugin and unpacked at build-time. The files in $ANDROID_HOME are no longer maintained and
# will be ignored by new version of the Android plugin for Gradle.

# Optimization is turned off by default. Dex does not like code run
# through the ProGuard optimize steps (and performs some
# of these optimizations on its own).
# Note that if you want to enable optimization, you cannot just
# include optimization flags in your own project configuration file;
# instead you will need to point to the
# "proguard-android-optimize.txt" file instead of this one from your
# project.properties file.
-dontoptimize

-dontusemixedcaseclassnames
-dontskipnonpubliclibraryclasses
-verbose

# Preserve some attributes that may be required for reflection.
-keepattributes AnnotationDefault,
                EnclosingMethod,
                InnerClasses,
                RuntimeVisibleAnnotations,
                RuntimeVisibleParameterAnnotations,
                RuntimeVisibleTypeAnnotations,
                Signature

-keep public class com.google.vending.licensing.ILicensingService
-keep public class com.android.vending.licensing.ILicensingService
-keep public class com.google.android.vending.licensing.ILicensingService
-dontnote com.android.vending.licensing.ILicensingService
-dontnote com.google.vending.licensing.ILicensingService
-dontnote com.google.android.vending.licensing.ILicensingService

# For native methods, see http://proguard.sourceforge.net/manual/examples.html#native
-keepclasseswithmembernames,includedescriptorclasses class * {
    native <methods>;
}

# Keep setters in Views so that animations can still work.
-keepclassmembers public class * extends android.view.View {
    void set*(***);
    *** get*();
}

# We want to keep methods in Activity that could be used in the XML attribute onClick.
-keepclassmembers class * extends android.app.Activity {
    public void *(android.view.View);
}

# For enumeration classes, see http://proguard.sourceforge.net/manual/examples.html#enumerations
-keepclassmembers enum * {
    public static **[] values();
    public static ** valueOf(java.lang.String);
}

-keepclassmembers class * implements android.os.Parcelable {
    public static final ** CREATOR;
}

# Preserve annotated Javascript interface methods.
-keepclassmembers class * {
    @android.webkit.JavascriptInterface <methods>;
}

# The support libraries contains references to newer platform versions.
# Don't warn about those in case this app is linking against an older
# platform version. We know about them, and they are safe.
-dontnote android.support.**
-dontnote androidx.**
-dontwarn android.support.**
-dontwarn androidx.**

# This class is deprecated, but remains for backward compatibility.
-dontwarn android.util.FloatMath

# Understand the @Keep support annotation.
-keep class android.support.annotation.Keep
-keep class androidx.annotation.Keep

-keep @android.support.annotation.Keep class * {*;}
-keep @androidx.annotation.Keep class * {*;}

-keepclasseswithmembers class * {
    @android.support.annotation.Keep <methods>;
}

-keepclasseswithmembers class * {
    @androidx.annotation.Keep <methods>;
}

-keepclasseswithmembers class * {
    @android.support.annotation.Keep <fields>;
}

-keepclasseswithmembers class * {
    @androidx.annotation.Keep <fields>;
}

-keepclasseswithmembers class * {
    @android.support.annotation.Keep <init>(...);
}

-keepclasseswithmembers class * {
    @androidx.annotation.Keep <init>(...);
}

# These classes are duplicated between android.jar and org.apache.http.legacy.jar.
-dontnote org.apache.http.**
-dontnote android.net.http.**

# These classes are duplicated between android.jar and core-lambda-stubs.jar.
-dontnote java.lang.invoke.**

# End of content from default_proguard_files\global\proguard-android.txt-8.1.0
# The proguard configuration file for the following section is flutter_tools\gradle\flutter_proguard_rules.pro
# Build the ephemeral app in a module project.
# Prevents: Warning: library class <plugin-package> depends on program class io.flutter.plugin.**
# This is due to plugins (libraries) depending on the embedding (the program jar)
-dontwarn io.flutter.plugin.**

# The android.** package is provided by the OS at runtime.
-dontwarn android.**

# End of content from flutter_tools\gradle\flutter_proguard_rules.pro
# The proguard configuration file for the following section is aapt_proguard_file\release\aapt_rules.txt
-keep class android.app.Application { <init>(); }
-keep class androidx.core.app.CoreComponentFactory { <init>(); }
-keep class androidx.profileinstaller.ProfileInstallReceiver { <init>(); }
-keep class androidx.startup.InitializationProvider { <init>(); }
-keep class com.example.app_movil.MainActivity { <init>(); }
-keep class io.sentry.android.core.SentryPerformanceProvider { <init>(); }

# End of content from aapt_proguard_file\release\aapt_rules.txt
# The proguard configuration file for the following section is release\lib0\proguard.txt
-keep class io.sentry.flutter.** { *; }

# To ensure that stack traces is unambiguous
# https://developer.android.com/studio/build/shrink-code#decode-stack-trace
-keepattributes LineNumberTable,SourceFile

# End of content from release\lib0\proguard.txt
# The proguard configuration file for the following section is transformed\jetified-sentry-android-7.16.0\proguard.txt

# End of content from transformed\jetified-sentry-android-7.16.0\proguard.txt
# The proguard configuration file for the following section is transformed\jetified-sentry-android-replay-7.16.0\proguard.txt
# Uncomment this to preserve the line number information for
# debugging stack traces.
-keepattributes SourceFile,LineNumberTable

# Rules to detect Images/Icons and mask them
-dontwarn androidx.compose.ui.graphics.painter.Painter
-keepnames class * extends androidx.compose.ui.graphics.painter.Painter
-keepclasseswithmembernames class * {
    androidx.compose.ui.graphics.painter.Painter painter;
}
# Rules to detect Text colors and if they have Modifier.fillMaxWidth to later mask them
-dontwarn androidx.compose.ui.graphics.ColorProducer
-dontwarn androidx.compose.foundation.layout.FillElement
-keepnames class androidx.compose.foundation.layout.FillElement
-keepclasseswithmembernames class * {
    androidx.compose.ui.graphics.ColorProducer color;
}
# Rules to detect a compose view to parse its hierarchy
-dontwarn androidx.compose.ui.platform.AndroidComposeView
-keepnames class androidx.compose.ui.platform.AndroidComposeView
# Rules to detect a media player view to later mask it
-dontwarn androidx.media3.ui.PlayerView
-keepnames class androidx.media3.ui.PlayerView
# Rules to detect a ExoPlayer view to later mask it
-dontwarn com.google.android.exoplayer2.ui.PlayerView
-keepnames class com.google.android.exoplayer2.ui.PlayerView
-dontwarn com.google.android.exoplayer2.ui.StyledPlayerView
-keepnames class com.google.android.exoplayer2.ui.StyledPlayerView

# End of content from transformed\jetified-sentry-android-replay-7.16.0\proguard.txt
# The proguard configuration file for the following section is transformed\fragment-1.7.1\proguard.txt
# Copyright (C) 2020 The Android Open Source Project
#
# Licensed under the Apache License, Version 2.0 (the "License");
# you may not use this file except in compliance with the License.
# You may obtain a copy of the License at
#
#      http://www.apache.org/licenses/LICENSE-2.0
#
# Unless required by applicable law or agreed to in writing, software
# distributed under the License is distributed on an "AS IS" BASIS,
# WITHOUT WARRANTIES OR CONDITIONS OF ANY KIND, either express or implied.
# See the License for the specific language governing permissions and
# limitations under the License.

# The default FragmentFactory creates Fragment instances using reflection
-if public class ** extends androidx.fragment.app.Fragment
-keepclasseswithmembers,allowobfuscation public class <1> {
    public <init>();
}

# FragmentTransition will reflectively lookup:
# androidx.transition.FragmentTransitionSupport
# We should ensure that we keep the constructor if the code using this is alive
-if class androidx.fragment.app.FragmentTransition {
   private static androidx.fragment.app.FragmentTransitionImpl resolveSupportImpl();
}
-keep class androidx.transition.FragmentTransitionSupport {
    public <init>();
}

# End of content from transformed\fragment-1.7.1\proguard.txt
# The proguard configuration file for the following section is transformed\webkit-1.12.1\proguard.txt
# Copyright 2018 The Chromium Authors
# Use of this source code is governed by a BSD-style license that can be
# found in the LICENSE file.

# We need to avoid obfuscating the support library boundary interface because
# this API is shared with the Android Support Library.
# Note that we only 'keep' the package org.chromium.support_lib_boundary itself,
# any sub-packages of that package can still be obfuscated.
-keep public class org.chromium.support_lib_boundary.* { public *; }

# Copyright (C) 2018 The Android Open Source Project
#
# Licensed under the Apache License, Version 2.0 (the "License");
# you may not use this file except in compliance with the License.
# You may obtain a copy of the License at
#
#      http://www.apache.org/licenses/LICENSE-2.0
#
# Unless required by applicable law or agreed to in writing, software
# distributed under the License is distributed on an "AS IS" BASIS,
# WITHOUT WARRANTIES OR CONDITIONS OF ANY KIND, either express or implied.
# See the License for the specific language governing permissions and
# limitations under the License.

# Prevent WebViewClientCompat from being renamed, since chromium depends on this name.
-keepnames public class androidx.webkit.WebViewClientCompat

# Prevent ProcessGlobalConfig and member sProcessGlobalConfig from being renamed, since chromium
# depends on this name.
-keepnames public class androidx.webkit.ProcessGlobalConfig {
    private static final *** sProcessGlobalConfig;
}
# End of content from transformed\webkit-1.12.1\proguard.txt
# The proguard configuration file for the following section is transformed\jetified-window-1.2.0\proguard.txt
# Copyright (C) 2020 The Android Open Source Project
#
# Licensed under the Apache License, Version 2.0 (the "License");
# you may not use this file except in compliance with the License.
# You may obtain a copy of the License at
#
#      http://www.apache.org/licenses/LICENSE-2.0
#
# Unless required by applicable law or agreed to in writing, software
# distributed under the License is distributed on an "AS IS" BASIS,
# WITHOUT WARRANTIES OR CONDITIONS OF ANY KIND, either express or implied.
# See the License for the specific language governing permissions and
# limitations under the License.

# A rule that will keep classes that implement SidecarInterface$SidecarCallback if Sidecar seems
# be used. See b/157286362 and b/165268619 for details.
# TODO(b/208543178) investigate how to pass header jar to R8 so we don't need this rule
-if class androidx.window.layout.adapter.sidecar.SidecarCompat {
  public *** setExtensionCallback(androidx.window.layout.adapter.sidecar.ExtensionInterfaceCompat$ExtensionCallbackInterface);
}
-keep class androidx.window.layout.adapter.sidecar.SidecarCompat$TranslatingCallback,
 androidx.window.layout.adapter.sidecar.DistinctElementSidecarCallback {
  public *** onDeviceStateChanged(androidx.window.sidecar.SidecarDeviceState);
  public *** onWindowLayoutChanged(android.os.IBinder, androidx.window.sidecar.SidecarWindowLayoutInfo);
}
# Required for window area API reflection guard
-keep interface androidx.window.area.reflectionguard.* {*;}
# End of content from transformed\jetified-window-1.2.0\proguard.txt
# The proguard configuration file for the following section is transformed\jetified-sentry-android-ndk-7.16.0\proguard.txt
##---------------Begin: proguard configuration for NDK  ----------

# The Android SDK checks at runtime if this class is available via Class.forName
-keep class io.sentry.android.ndk.SentryNdk { *; }

# The JNI layer uses this class through reflection
-keep class io.sentry.protocol.DebugImage { *; }

# For native methods, see http://proguard.sourceforge.net/manual/examples.html#native
-keepclasseswithmembernames,includedescriptorclasses class * {
    native <methods>;
}

# don't warn jetbrains annotations
-dontwarn org.jetbrains.annotations.**

# To ensure that stack traces is unambiguous
# https://developer.android.com/studio/build/shrink-code#decode-stack-trace
-keepattributes LineNumberTable,SourceFile

##---------------End: proguard configuration for NDK  ----------

# End of content from transformed\jetified-sentry-android-ndk-7.16.0\proguard.txt
# The proguard configuration file for the following section is transformed\jetified-sentry-android-core-7.16.0\proguard.txt
##---------------Begin: proguard configuration for android-core  ----------

##---------------Begin: proguard configuration for androidx.core  ----------
-keep class androidx.core.view.GestureDetectorCompat { <init>(...); }
-keep class androidx.core.app.FrameMetricsAggregator { <init>(...); }
-keep interface androidx.core.view.ScrollingView { *; }
##---------------End: proguard configuration for androidx.core  ----------

##---------------Begin: proguard configuration for androidx.lifecycle  ----------
-keep interface androidx.lifecycle.DefaultLifecycleObserver { *; }
-keep class androidx.lifecycle.ProcessLifecycleOwner { <init>(...); }
##---------------End: proguard configuration for androidx.lifecycle  ----------

# To mitigate the issue on R8 site (https://issuetracker.google.com/issues/235733922)
# which comes through AGP 7.3.0-betaX and 7.4.0-alphaX
-keepclassmembers enum io.sentry.** { *; }

# To filter out io.sentry frames from stacktraces
-keeppackagenames io.sentry.**

# don't warn jetbrains annotations
-dontwarn org.jetbrains.annotations.**
# don't warn about missing classes, as we are checking for their presence at runtime
-dontwarn io.sentry.android.timber.SentryTimberIntegration
-dontwarn io.sentry.android.fragment.FragmentLifecycleIntegration
-dontwarn io.sentry.compose.gestures.ComposeGestureTargetLocator
-dontwarn io.sentry.compose.viewhierarchy.ComposeViewHierarchyExporter

# To ensure that stack traces is unambiguous
# https://developer.android.com/studio/build/shrink-code#decode-stack-trace
-keepattributes LineNumberTable,SourceFile

# Keep Classnames for integrations
-keepnames class * implements io.sentry.Integration

-dontwarn io.sentry.apollo.SentryApolloInterceptor
-keepnames class io.sentry.apollo.SentryApolloInterceptor

-dontwarn io.sentry.apollo3.SentryApollo3HttpInterceptor
-keepnames class io.sentry.apollo3.SentryApollo3HttpInterceptor

-dontwarn io.sentry.android.okhttp.SentryOkHttpInterceptor
-keepnames class io.sentry.android.okhttp.SentryOkHttpInterceptor

-dontwarn io.sentry.android.navigation.SentryNavigationListener
-keepnames class io.sentry.android.navigation.SentryNavigationListener

-keepnames class io.sentry.android.core.ScreenshotEventProcessor
-keepnames class io.sentry.android.core.ViewHierarchyEventProcessor

# Keep any custom option classes like SentryAndroidOptions, as they're loaded via reflection
# Also keep method names, as they're e.g. used by native via JNI calls
-keep class * extends io.sentry.SentryOptions { *; }

-keepnames class io.sentry.android.core.ApplicationNotResponding

##---------------End: proguard configuration for android-core  ----------

##---------------Begin: proguard configuration for sentry-apollo-3  ----------

# don't warn about missing classes, as it depends on the sentry-apollo-3 jar dependency.
-dontwarn io.sentry.apollo3.SentryApollo3ClientException

# we don't want this class to be obfuscated, otherwise issue's titles are obfuscated as well.
-keep class io.sentry.apollo3.SentryApollo3ClientException { <init>(...); }

##---------------End: proguard configuration for sentry-apollo-3  ----------

##---------------Begin: proguard configuration for sentry-okhttp  ----------

# we don't want this class to be obfuscated, otherwise issue's titles are obfuscated as well.
-keepnames class io.sentry.exception.SentryHttpClientException

##---------------End: proguard configuration for sentry-okhttp  ----------

##---------------Begin: proguard configuration for sentry-android-replay  ----------
-dontwarn io.sentry.android.replay.ReplayIntegration
-dontwarn io.sentry.android.replay.DefaultReplayBreadcrumbConverter
-keepnames class io.sentry.android.replay.ReplayIntegration
##---------------End: proguard configuration for sentry-android-replay  ----------

# End of content from transformed\jetified-sentry-android-core-7.16.0\proguard.txt
# The proguard configuration file for the following section is transformed\lifecycle-viewmodel-2.7.0\proguard.txt
-keepclassmembers,allowobfuscation class * extends androidx.lifecycle.ViewModel {
    <init>();
}

-keepclassmembers,allowobfuscation class * extends androidx.lifecycle.AndroidViewModel {
    <init>(android.app.Application);
}

# End of content from transformed\lifecycle-viewmodel-2.7.0\proguard.txt
# The proguard configuration file for the following section is transformed\jetified-lifecycle-viewmodel-savedstate-2.7.0\proguard.txt
-keepclassmembers,allowobfuscation class * extends androidx.lifecycle.ViewModel {
    <init>(androidx.lifecycle.SavedStateHandle);
}

-keepclassmembers,allowobfuscation class * extends androidx.lifecycle.AndroidViewModel {
    <init>(android.app.Application,androidx.lifecycle.SavedStateHandle);
}

# End of content from transformed\jetified-lifecycle-viewmodel-savedstate-2.7.0\proguard.txt
# The proguard configuration file for the following section is transformed\core-1.13.1\proguard.txt
# Never inline methods, but allow shrinking and obfuscation.
-keepclassmembernames,allowobfuscation,allowshrinking class androidx.core.view.ViewCompat$Api* {
  <methods>;
}
-keepclassmembernames,allowobfuscation,allowshrinking class androidx.core.view.WindowInsetsCompat$*Impl* {
  <methods>;
}
-keepclassmembernames,allowobfuscation,allowshrinking class androidx.core.app.NotificationCompat$*$Api*Impl {
  <methods>;
}
-keepclassmembernames,allowobfuscation,allowshrinking class androidx.core.os.UserHandleCompat$Api*Impl {
  <methods>;
}
-keepclassmembernames,allowobfuscation,allowshrinking class androidx.core.widget.EdgeEffectCompat$Api*Impl {
  <methods>;
}

# End of content from transformed\core-1.13.1\proguard.txt
# The proguard configuration file for the following section is transformed\lifecycle-runtime-2.7.0\proguard.txt
-keepattributes AnnotationDefault,
                RuntimeVisibleAnnotations,
                RuntimeVisibleParameterAnnotations,
                RuntimeVisibleTypeAnnotations

-keepclassmembers enum androidx.lifecycle.Lifecycle$Event {
    <fields>;
}

-keep class * implements androidx.lifecycle.GeneratedAdapter {
    <init>(...);
}

-keepclassmembers class ** {
    @androidx.lifecycle.OnLifecycleEvent *;
}

# this rule is need to work properly when app is compiled with api 28, see b/142778206
# Also this rule prevents registerIn from being inlined.
-keepclassmembers class androidx.lifecycle.ReportFragment$LifecycleCallbacks { *; }
# End of content from transformed\lifecycle-runtime-2.7.0\proguard.txt
# The proguard configuration file for the following section is transformed\jetified-lifecycle-process-2.7.0\proguard.txt
# this rule is need to work properly when app is compiled with api 28, see b/142778206
-keepclassmembers class * extends androidx.lifecycle.EmptyActivityLifecycleCallbacks { *; }
# End of content from transformed\jetified-lifecycle-process-2.7.0\proguard.txt