build/app/outputs/mapping/release/seeds.txt
io.flutter.plugin.platform.PlatformViewWrapper: android.view.ViewTreeObserver$OnGlobalFocusChangeListener getActiveFocusListener()
org.chromium.support_lib_boundary.WebMessageBoundaryInterface: java.lang.String getData()
io.sentry.android.ndk.NativeScope: void nativeSetExtra(java.lang.String,java.lang.String)
io.flutter.embedding.engine.FlutterJNI: void ensureNotAttachedToNative()
io.flutter.plugins.webviewflutter.WebViewHostApiImpl$WebViewPlatformView: void setWebChromeClient(android.webkit.WebChromeClient)
androidx.core.view.ViewCompat$Api21Impl: float getZ(android.view.View)
androidx.core.app.RemoteActionCompatParcelizer: androidx.core.app.RemoteActionCompat read(androidx.versionedparcelable.VersionedParcel)
androidx.core.view.ViewCompat$Api21Impl: boolean dispatchNestedFling(android.view.View,float,float,boolean)
androidx.core.view.DisplayCutoutCompat$Api28Impl: int getSafeInsetTop(android.view.DisplayCutout)
io.flutter.embedding.engine.FlutterJNI: void updateJavaAssetManager(android.content.res.AssetManager,java.lang.String)
org.chromium.support_lib_boundary.WebMessagePayloadBoundaryInterface: byte[] getAsArrayBuffer()
io.sentry.protocol.DebugImage: void setCodeFile(java.lang.String)
kotlinx.coroutines.CoroutineStart: kotlinx.coroutines.CoroutineStart valueOf(java.lang.String)
io.sentry.SentryOptions: boolean isDebug()
androidx.datastore.preferences.protobuf.ProtoSyntax: androidx.datastore.preferences.protobuf.ProtoSyntax[] values()
io.sentry.SentryOptions: io.sentry.SentryOptions$RequestSize getMaxRequestBodySize()
io.sentry.Session$State: io.sentry.Session$State[] $values()
io.flutter.embedding.engine.FlutterJNI: io.flutter.embedding.engine.FlutterJNI spawn(java.lang.String,java.lang.String,java.lang.String,java.util.List)
io.sentry.SentryOptions: void setEnableTimeToFullDisplayTracing(boolean)
androidx.core.view.WindowInsetsCompat$BuilderImpl: WindowInsetsCompat$BuilderImpl()
android.support.v4.app.RemoteActionCompatParcelizer: androidx.core.app.RemoteActionCompat read(androidx.versionedparcelable.VersionedParcel)
androidx.core.view.ViewCompat$Api20Impl: android.view.WindowInsets dispatchApplyWindowInsets(android.view.View,android.view.WindowInsets)
androidx.core.view.WindowInsetsCompat$Impl30: WindowInsetsCompat$Impl30(androidx.core.view.WindowInsetsCompat,androidx.core.view.WindowInsetsCompat$Impl30)
io.sentry.SentryOptions: void setSessionTrackingIntervalMillis(long)
org.chromium.support_lib_boundary.WebMessageBoundaryInterface: java.lang.reflect.InvocationHandler[] getPorts()
io.sentry.flutter.SentryFlutterPlugin: io.flutter.plugin.common.MethodChannel access$getChannel$p(io.sentry.flutter.SentryFlutterPlugin)
io.sentry.flutter.SentryFlutterPlugin: void onReattachedToActivityForConfigChanges(io.flutter.embedding.engine.plugins.activity.ActivityPluginBinding)
io.flutter.embedding.engine.FlutterJNI: boolean isCodePointEmojiModifierBase(int)
io.sentry.SentryOptions: void setIgnoredCheckIns(java.util.List)
org.chromium.support_lib_boundary.WebViewProviderFactoryBoundaryInterface: java.lang.reflect.InvocationHandler getTracingController()
io.flutter.embedding.engine.FlutterJNI: long performNativeAttach(io.flutter.embedding.engine.FlutterJNI)
io.sentry.SentryItemType: io.sentry.SentryItemType[] values()
io.sentry.SentryOptions: void setEnableExternalConfiguration(boolean)
io.sentry.clientreport.DiscardReason: io.sentry.clientreport.DiscardReason[] values()
io.sentry.flutter.SentryFlutterPlugin: void setUser(java.util.Map,io.flutter.plugin.common.MethodChannel$Result)
io.sentry.android.core.SentryAndroidOptions: int getProfilingTracesIntervalMillis()
io.flutter.view.AccessibilityBridge$Action: io.flutter.view.AccessibilityBridge$Action valueOf(java.lang.String)
io.sentry.android.core.SentryAndroidOptions: void setAnrEnabled(boolean)
androidx.core.view.ViewCompat$Api28Impl: void setAccessibilityHeading(android.view.View,boolean)