build/app/outputs/mapping/release/usage.txt
kotlin.collections.ArrayDeque:
    private static final int defaultMinCapacity
    private static final int maxArraySize
    public void <init>(int)
    public void <init>(java.util.Collection)
    private final boolean filterInPlace(kotlin.jvm.functions.Function1)
    public final java.lang.Object first()
    public final java.lang.Object firstOrNull()
    private final java.lang.Object internalGet(int)
    private final int internalIndex(int)
    public final void internalStructure$kotlin_stdlib(kotlin.jvm.functions.Function2)
    public final java.lang.Object last()
    public final java.lang.Object lastOrNull()
    public final java.lang.Object removeLastOrNull()
    public final java.lang.Object[] testToArray$kotlin_stdlib()
    public final java.lang.Object[] testToArray$kotlin_stdlib(java.lang.Object[])
kotlin.collections.ArraysKt:
    private void <init>()
kotlin.collections.ArraysKt__ArraysJVMKt:
    public void <init>()
    public static final int contentDeepHashCode(java.lang.Object[])
    public static final void copyOfRangeToIndexCheck(int,int)
    public static final synthetic java.lang.Object[] orEmpty(java.lang.Object[])
    private static final java.lang.String toString(byte[],java.nio.charset.Charset)
    public static final synthetic java.lang.Object[] toTypedArray(java.util.Collection)
kotlin.collections.ArraysKt__ArraysKt:
    public void <init>()
    public static final boolean contentDeepEquals(java.lang.Object[],java.lang.Object[])
    public static final java.lang.String contentDeepToString(java.lang.Object[])
    private static final void contentDeepToStringInternal$ArraysKt__ArraysKt(java.lang.Object[],java.lang.StringBuilder,java.util.List)
    public static final java.util.List flatten(java.lang.Object[][])
    private static final java.lang.Object ifEmpty(java.lang.Object[],kotlin.jvm.functions.Function0)
    private static final boolean isNullOrEmpty(java.lang.Object[])
    public static final kotlin.Pair unzip(kotlin.Pair[])
kotlin.collections.ArraysKt___ArraysJvmKt$asList$1
kotlin.collections.ArraysKt___ArraysJvmKt$asList$2
kotlin.collections.ArraysKt___ArraysJvmKt$asList$3
kotlin.collections.ArraysKt___ArraysJvmKt$asList$4
kotlin.collections.ArraysKt___ArraysJvmKt$asList$5
kotlin.collections.ArraysKt___ArraysJvmKt$asList$6
kotlin.collections.ArraysKt___ArraysJvmKt$asList$7
kotlin.collections.ArraysKt___ArraysJvmKt$asList$8
kotlin.collections.ArraysKt___ArraysJvmKt:
    public void <init>()
    public static final java.util.List asList(byte[])
    public static final java.util.List asList(char[])
    public static final java.util.List asList(double[])
    public static final java.util.List asList(float[])
    public static final java.util.List asList(int[])
    public static final java.util.List asList(long[])
    public static final java.util.List asList(short[])
    public static final java.util.List asList(boolean[])
    public static final int binarySearch(byte[],byte,int,int)
    public static final int binarySearch(char[],char,int,int)
    public static final int binarySearch(double[],double,int,int)
    public static final int binarySearch(float[],float,int,int)
    public static final int binarySearch(int[],int,int,int)
    public static final int binarySearch(long[],long,int,int)
    public static final int binarySearch(java.lang.Object[],java.lang.Object,int,int)
    public static final int binarySearch(java.lang.Object[],java.lang.Object,java.util.Comparator,int,int)
    public static final int binarySearch(short[],short,int,int)
    public static synthetic int binarySearch$default(byte[],byte,int,int,int,java.lang.Object)
    public static synthetic int binarySearch$default(char[],char,int,int,int,java.lang.Object)
    public static synthetic int binarySearch$default(double[],double,int,int,int,java.lang.Object)
kotlin.collections.ArraysKt___ArraysKt$asIterable$$inlined$Iterable$1
kotlin.collections.ArraysKt___ArraysKt$asIterable$$inlined$Iterable$2